  CreationFunctForKurs.cpp
c:\users\user\documents\visual studio 2015\projects\creationfunctforkurs\creationfunctforkurs\intergal.h(67): warning C4018: '<=': signed/unsigned mismatch
  c:\users\user\documents\visual studio 2015\projects\creationfunctforkurs\creationfunctforkurs\creationfunctforkurs.cpp(14): note: see reference to function template instantiation 'double Intergral<double>::findintergalsimpson<double>(unsigned int)' being compiled
  c:\users\user\documents\visual studio 2015\projects\creationfunctforkurs\creationfunctforkurs\creationfunctforkurs.cpp(14): note: see reference to function template instantiation 'double Intergral<double>::findintergalsimpson<double>(unsigned int)' being compiled
c:\users\user\documents\visual studio 2015\projects\creationfunctforkurs\creationfunctforkurs\intergal.h(109): warning C4018: '<=': signed/unsigned mismatch
  c:\users\user\documents\visual studio 2015\projects\creationfunctforkurs\creationfunctforkurs\intergal.h(141): note: see reference to function template instantiation 'double Intergral<double>::findintegraltrap<double>(unsigned int)' being compiled
  c:\users\user\documents\visual studio 2015\projects\creationfunctforkurs\creationfunctforkurs\intergal.h(141): note: see reference to function template instantiation 'double Intergral<double>::findintegraltrap<double>(unsigned int)' being compiled
  c:\users\user\documents\visual studio 2015\projects\creationfunctforkurs\creationfunctforkurs\creationfunctforkurs.cpp(16): note: see reference to function template instantiation 'double Intergral<double>::findtochnost<double>(void)' being compiled
  c:\users\user\documents\visual studio 2015\projects\creationfunctforkurs\creationfunctforkurs\creationfunctforkurs.cpp(16): note: see reference to function template instantiation 'double Intergral<double>::findtochnost<double>(void)' being compiled
c:\program files (x86)\microsoft visual studio 14.0\vc\include\xutility(2372): warning C4996: 'std::copy::_Unchecked_iterators::_Deprecate': Call to 'std::copy' with parameters that may be unsafe - this call relies on the caller to check that the passed values are correct. To disable this warning, use -D_SCL_SECURE_NO_WARNINGS. See documentation on how to use Visual C++ 'Checked Iterators'
  c:\program files (x86)\microsoft visual studio 14.0\vc\include\xutility(2372): note: see declaration of 'std::copy::_Unchecked_iterators::_Deprecate'
  c:\users\user\documents\visual studio 2015\projects\creationfunctforkurs\creationfunctforkurs\exprtk.hpp(8569): note: see reference to function template instantiation '_OutIt std::copy<exprtk::details::char_cptr,exprtk::details::char_ptr>(_InIt,_InIt,_OutIt)' being compiled
          with
          [
              _OutIt=exprtk::details::char_ptr,
              _InIt=exprtk::details::char_cptr
          ]
  c:\users\user\documents\visual studio 2015\projects\creationfunctforkurs\creationfunctforkurs\exprtk.hpp(8545): note: while compiling class template member function 'double exprtk::details::assignment_string_range_node<T,exprtk::details::asn_assignment>::value(void) const'
          with
          [
              T=double
          ]
  c:\users\user\documents\visual studio 2015\projects\creationfunctforkurs\creationfunctforkurs\exprtk.hpp(34333): note: see reference to class template instantiation 'exprtk::details::assignment_string_range_node<T,exprtk::details::asn_assignment>' being compiled
          with
          [
              T=double
          ]
  c:\users\user\documents\visual studio 2015\projects\creationfunctforkurs\creationfunctforkurs\exprtk.hpp(27632): note: see reference to function template instantiation 'exprtk::details::expression_node<T> *exprtk::parser<T>::expression_generator<T>::synthesize_expression<exprtk::details::assignment_string_range_node<T,exprtk::details::asn_assignment>,2>(const exprtk::details::operator_type &,exprtk::details::expression_node<T> *(&)[2])' being compiled
          with
          [
              T=double
          ]
  c:\users\user\documents\visual studio 2015\projects\creationfunctforkurs\creationfunctforkurs\exprtk.hpp(27632): note: see reference to function template instantiation 'exprtk::details::expression_node<T> *exprtk::parser<T>::expression_generator<T>::synthesize_expression<exprtk::details::assignment_string_range_node<T,exprtk::details::asn_assignment>,2>(const exprtk::details::operator_type &,exprtk::details::expression_node<T> *(&)[2])' being compiled
          with
          [
              T=double
          ]
  c:\users\user\documents\visual studio 2015\projects\creationfunctforkurs\creationfunctforkurs\exprtk.hpp(27596): note: while compiling class template member function 'exprtk::details::expression_node<T> *exprtk::parser<T>::expression_generator<T>::synthesize_assignment_expression(const exprtk::details::operator_type &,exprtk::details::expression_node<T> *(&)[2])'
          with
          [
              T=double
          ]
  c:\users\user\documents\visual studio 2015\projects\creationfunctforkurs\creationfunctforkurs\exprtk.hpp(26191): note: see reference to function template instantiation 'exprtk::details::expression_node<T> *exprtk::parser<T>::expression_generator<T>::synthesize_assignment_expression(const exprtk::details::operator_type &,exprtk::details::expression_node<T> *(&)[2])' being compiled
          with
          [
              T=double
          ]
  c:\users\user\documents\visual studio 2015\projects\creationfunctforkurs\creationfunctforkurs\exprtk.hpp(34681): note: see reference to class template instantiation 'exprtk::parser<T>::expression_generator<T>' being compiled
          with
          [
              T=double
          ]
  c:\users\user\documents\visual studio 2015\projects\creationfunctforkurs\creationfunctforkurs\intergal.h(49): note: see reference to class template instantiation 'exprtk::parser<T>' being compiled
          with
          [
              T=double
          ]
  c:\users\user\documents\visual studio 2015\projects\creationfunctforkurs\creationfunctforkurs\creationfunctforkurs.cpp(11): note: see reference to function template instantiation 'void Intergral<double>::vvod<double>(void)' being compiled
  c:\users\user\documents\visual studio 2015\projects\creationfunctforkurs\creationfunctforkurs\creationfunctforkurs.cpp(11): note: see reference to function template instantiation 'void Intergral<double>::vvod<double>(void)' being compiled
  Generating Code...
  Skipping... (no relevant changes detected)
  Intergral.cpp
  CreationFunctForKurs.vcxproj -> C:\Users\User\Documents\Visual Studio 2015\Projects\CreationFunctForKurs\Debug\CreationFunctForKurs.exe
  CreationFunctForKurs.vcxproj -> C:\Users\User\Documents\Visual Studio 2015\Projects\CreationFunctForKurs\Debug\CreationFunctForKurs.pdb (Full PDB)
